<?xml version="1.0" encoding="UTF-8"?>
<testsuite xmlns:xsi="http://www.w3.org/2001/XMLSchema-instance" xsi:noNamespaceSchemaLocation="https://maven.apache.org/surefire/maven-surefire-plugin/xsd/surefire-test-report-3.0.xsd" version="3.0" name="com.developingstorm.games.astar.AStarTest" time="0.081" tests="5" errors="0" skipped="0" failures="0">
  <properties>
[...]
</properties>
  <testcase name="testSimplePath" classname="com.developingstorm.games.astar.AStarTest" time="0.009"/>
  <testcase name="testPathWithObstacles" classname="com.developingstorm.games.astar.AStarTest" time="0.0"/>
  <testcase name="testAdjacentNodes" classname="com.developingstorm.games.astar.AStarTest" time="0.001"/>
  <testcase name="testNoPathAvailable" classname="com.developingstorm.games.astar.AStarTest" time="0.061"/>
  <testcase name="testSameStartAndGoal" classname="com.developingstorm.games.astar.AStarTest" time="0.0"/>
</testsuite>